#
# A fatal error has been detected by the Java Runtime Environment:
#
#  SIGSEGV (0xb) at pc=0x0000736d82950e6a, pid=552458, tid=552459
#
# JRE version: Java(TM) SE Runtime Environment (22.0.1+8) (build 22.0.1+8-16)
# Java VM: Java HotSpot(TM) 64-Bit Server VM (22.0.1+8-16, mixed mode, sharing, tiered, compressed oops, compressed class ptrs, g1 gc, linux-amd64)
# Problematic frame:
# C  [librust_kotlin.so+0x550e6a]  jni::wrapper::jnienv::JNIEnv::find_class::hfe3c7e24beb2d8df+0x25a
#
# Core dump will be written. Default location: Core dumps may be processed with "/usr/lib/systemd/systemd-coredump %P %u %g %s %t %c %h" (or dumping to /home/gnome/dev/RustroverProjects/rencfs/rencfs/kotlin-bridge/core.552458)
#
# If you would like to submit a bug report, please visit:
#   https://bugreport.java.com/bugreport/crash.jsp
# The crash happened outside the Java Virtual Machine in native code.
# See problematic frame for where to report the bug.
#

---------------  S U M M A R Y ------------

Command Line: -Djava.library.path=target/release/ target/KotlinRust.jar /home/gnome/rencfs /home/gnome/rencfs_data a

Host: 12th Gen Intel(R) Core(TM) i7-1260P, 16 cores, 31G, Manjaro Linux
Time: Sat Aug  3 17:36:29 2024 EEST elapsed time: 0.068822 seconds (0d 0h 0m 0s)

---------------  T H R E A D  ---------------

Current thread (0x0000736dac028c30):  JavaThread "main"             [_thread_in_native, id=552459, stack(0x0000736db1215000,0x0000736db1315000) (1024K)]

Stack: [0x0000736db1215000,0x0000736db1315000],  sp=0x0000736db13131b0,  free space=1016k
Native frames: (J=compiled Java code, j=interpreted, Vv=VM code, C=native code)
C  [librust_kotlin.so+0x550e6a]  jni::wrapper::jnienv::JNIEnv::find_class::hfe3c7e24beb2d8df+0x25a
Java frames: (J=compiled Java code, j=interpreted, Vv=VM code)
j  RustLibrary.mount(Ljava/lang/String;Ljava/lang/String;Ljava/lang/String;)I+0
j  MainKt.main([Ljava/lang/String;)V+107
v  ~StubRoutines::call_stub 0x0000736d9c05fcc6

siginfo: si_signo: 11 (SIGSEGV), si_code: 128 (SI_KERNEL), si_addr: 0x0000000000000000

Registers:
RAX=0x0000000000000003, RBX=0x0000736db1313280, RCX=0x0000000000000011, RDX=0x0000000000000011
RSP=0x0000736db13131b0, RBP=0x0000736d82a2b4f0, RSI=0x0000736dac1927b0, RDI=0x0000736db1313900
R8 =0x0000000000000040, R9 =0x0000000000000010, R10=0x8080808080808080, R11=0x0100030000010001
R12=0x0000736db1313900, R13=0xfff9d369fff9d376, R14=0x0000000000000011, R15=0x0000736dac1927b0
RIP=0x0000736d82950e6a, EFLAGS=0x0000000000010293, CSGSFS=0x002b000000000033, ERR=0x0000000000000000
  TRAPNO=0x000000000000000d


Register to memory mapping:

RAX=0x0000000000000003 is an unknown value
RBX=0x0000736db1313280 is pointing into the stack for thread: 0x0000736dac028c30
RCX=0x0000000000000011 is an unknown value
RDX=0x0000000000000011 is an unknown value
RSP=0x0000736db13131b0 is pointing into the stack for thread: 0x0000736dac028c30
RBP=0x0000736d82a2b4f0: <offset 0x000000000062b4f0> in /home/gnome/dev/RustroverProjects/rencfs/rencfs/kotlin-bridge/target/release/librust_kotlin.so at 0x0000736d82400000
RSI=0x0000736dac1927b0 points into unknown readable memory: 0x6e616c2f6176616a | 6a 61 76 61 2f 6c 61 6e
RDI=0x0000736db1313900 is pointing into the stack for thread: 0x0000736dac028c30
R8 =0x0000000000000040 is an unknown value
R9 =0x0000000000000010 is an unknown value
R10=0x8080808080808080 is an unknown value
R11=0x0100030000010001 is an unknown value
R12=0x0000736db1313900 is pointing into the stack for thread: 0x0000736dac028c30
R13=0xfff9d369fff9d376 is an unknown value
R14=0x0000000000000011 is an unknown value
R15=0x0000736dac1927b0 points into unknown readable memory: 0x6e616c2f6176616a | 6a 61 76 61 2f 6c 61 6e

Top of Stack: (sp=0x0000736db13131b0)
0x0000736db13131b0:   0000000000000000 0000000000000000
0x0000736db13131c0:   0000000000000000 0000000000000000
0x0000736db13131d0:   0000000000000000 0000000000000000
0x0000736db13131e0:   0000000000000010 0000736dac1927b0
0x0000736db13131f0:   0000000000000010 0000000000000000
0x0000736db1313200:   0000000000000000 0000000000000000
0x0000736db1313210:   0000000000000000 0000736db1313380
0x0000736db1313220:   0000000000000010 0000736d20404c70
0x0000736db1313230:   0000736db13134b8 0000736db1313338
0x0000736db1313240:   0000736db1313880 0000736d829513a3
0x0000736db1313250:   0000736db1313500 0000736d82a264d0
0x0000736db1313260:   0000000000000002 0000736d82624c4e
0x0000736db1313270:   0000736db13132e0 0000736d829b4de0
0x0000736db1313280:   0000736d82a264d0 0000736d00000004
0x0000736db1313290:   0000000000000000 0000736dac195400
0x0000736db13132a0:   0000000000000002 0000736dac1a9ee0
0x0000736db13132b0:   0000736dac18f110 0000736dac19ffe0
0x0000736db13132c0:   0000736d81e006c0 0000736d20404c70
0x0000736db13132d0:   0000000000000000 0000736d20404c70
0x0000736db13132e0:   0000736db1313920 0000736dac028c30
0x0000736db13132f0:   0000736db1313880 0000736d82642fac
0x0000736db1313300:   0000000000000000 0000736d00000000
0x0000736db1313310:   0000000000000000 0000000600000000
0x0000736db1313320:   000000062ddd76f0 bb693af24ad12c00
0x0000736db1313330:   00000007ffcebd70 0000736db1313900
0x0000736db1313340:   0000736dac028ff0 0000736db13133d8
0x0000736db1313350:   0000736db1313400 0000736db1313418
0x0000736db1313360:   0000736db1313480 0000736db1ce3b70
0x0000736db1313370:   0000000000000000 0000736db1313398
0x0000736db1313380:   0000000000000000 ffffffffffffffff
0x0000736db1313390:   00000000fffffff0 0000736db2755480
0x0000736db13133a0:   0000000000000000 0000736d00000000 

Instructions: (pc=0x0000736d82950e6a)
0x0000736d82950d6a:   44 24 40 0f 57 c0 0f 11 44 24 48 48 8d 3d d4 da
0x0000736d82950d7a:   0c 00 ff 15 a6 1a 0d 00 48 8d 0d f4 46 c3 ff 48
0x0000736d82950d8a:   89 4c 24 08 48 c7 44 24 10 14 00 00 00 48 89 4c
0x0000736d82950d9a:   24 18 48 c7 44 24 20 14 00 00 00 48 89 44 24 28
0x0000736d82950daa:   48 8d 7c 24 30 48 8d 54 24 08 be 05 00 00 00 31
0x0000736d82950dba:   c9 ff 15 6f 1a 0d 00 4d 8b 24 24 4d 85 e4 0f 84
0x0000736d82950dca:   41 03 00 00 49 8b 04 24 48 85 c0 0f 84 4f 03 00
0x0000736d82950dda:   00 4c 8b 68 30 48 8b 45 00 4d 85 ed 0f 84 59 03
0x0000736d82950dea:   00 00 48 83 f8 05 75 72 48 8d 05 e7 d9 0c 00 48
0x0000736d82950dfa:   89 44 24 30 48 c7 44 24 38 01 00 00 00 48 c7 44
0x0000736d82950e0a:   24 40 08 00 00 00 0f 57 c0 0f 11 44 24 48 48 8d
0x0000736d82950e1a:   3d 31 da 0c 00 ff 15 03 1a 0d 00 48 8d 0d 51 46
0x0000736d82950e2a:   c3 ff 48 89 4c 24 08 48 c7 44 24 10 14 00 00 00
0x0000736d82950e3a:   48 89 4c 24 18 48 c7 44 24 20 14 00 00 00 48 89
0x0000736d82950e4a:   44 24 28 48 8d 7c 24 30 48 8d 54 24 08 be 05 00
0x0000736d82950e5a:   00 00 31 c9 ff 15 cc 19 0d 00 4c 89 e7 4c 89 fe
0x0000736d82950e6a:   41 ff d5 48 89 44 24 60 48 8b 45 00 48 83 f8 05
0x0000736d82950e7a:   75 72 48 8d 05 6d d9 0c 00 48 89 44 24 30 48 c7
0x0000736d82950e8a:   44 24 38 01 00 00 00 48 c7 44 24 40 08 00 00 00
0x0000736d82950e9a:   0f 57 c0 0f 11 44 24 48 48 8d 3d a7 d9 0c 00 ff
0x0000736d82950eaa:   15 79 19 0d 00 48 8d 0d c7 45 c3 ff 48 89 4c 24
0x0000736d82950eba:   08 48 c7 44 24 10 14 00 00 00 48 89 4c 24 18 48
0x0000736d82950eca:   c7 44 24 20 14 00 00 00 48 89 44 24 28 48 8d 7c
0x0000736d82950eda:   24 30 48 8d 54 24 08 be 05 00 00 00 31 c9 ff 15
0x0000736d82950eea:   42 19 0d 00 48 8b 45 00 48 83 f8 05 75 71 48 8d
0x0000736d82950efa:   05 01 d9 0c 00 48 89 44 24 30 48 c7 44 24 38 01
0x0000736d82950f0a:   00 00 00 48 89 e0 48 89 44 24 40 0f 57 c0 0f 11
0x0000736d82950f1a:   44 24 48 48 8d 3d 2c d9 0c 00 ff 15 fe 18 0d 00
0x0000736d82950f2a:   48 8d 0d 4c 45 c3 ff 48 89 4c 24 08 48 c7 44 24
0x0000736d82950f3a:   10 14 00 00 00 48 89 4c 24 18 48 c7 44 24 20 14
0x0000736d82950f4a:   00 00 00 48 89 44 24 28 48 8d 7c 24 30 48 8d 54
0x0000736d82950f5a:   24 08 be 05 00 00 00 31 c9 ff 15 c7 18 0d 00 48 


Stack slot to memory mapping:

stack at sp + 0 slots: 0x0 is null
stack at sp + 1 slots: 0x0 is null
stack at sp + 2 slots: 0x0 is null
stack at sp + 3 slots: 0x0 is null
stack at sp + 4 slots: 0x0 is null
stack at sp + 5 slots: 0x0 is null
stack at sp + 6 slots: 0x0000000000000010 is an unknown value
stack at sp + 7 slots: 0x0000736dac1927b0 points into unknown readable memory: 0x6e616c2f6176616a | 6a 61 76 61 2f 6c 61 6e


---------------  P R O C E S S  ---------------

Threads class SMR info:
_java_thread_list=0x0000736cf4079a20, length=12, elements={
0x0000736dac028c30, 0x0000736dac153a70, 0x0000736dac1550c0, 0x0000736dac156cc0,
0x0000736dac158300, 0x0000736dac1598a0, 0x0000736dac15b440, 0x0000736dac15cb50,
0x0000736dac16ac80, 0x0000736dac16eb20, 0x0000736cf4077580, 0x0000736cf40788a0
}

Java Threads: ( => current thread )
=>0x0000736dac028c30 JavaThread "main"                              [_thread_in_native, id=552459, stack(0x0000736db1215000,0x0000736db1315000) (1024K)]
  0x0000736dac153a70 JavaThread "Reference Handler"          daemon [_thread_blocked, id=552467, stack(0x0000736d838fa000,0x0000736d839fa000) (1024K)]
  0x0000736dac1550c0 JavaThread "Finalizer"                  daemon [_thread_blocked, id=552468, stack(0x0000736d83500000,0x0000736d83600000) (1024K)]
  0x0000736dac156cc0 JavaThread "Signal Dispatcher"          daemon [_thread_blocked, id=552469, stack(0x0000736d833ff000,0x0000736d834ff000) (1024K)]
  0x0000736dac158300 JavaThread "Service Thread"             daemon [_thread_blocked, id=552470, stack(0x0000736d832fe000,0x0000736d833fe000) (1024K)]
  0x0000736dac1598a0 JavaThread "Monitor Deflation Thread"   daemon [_thread_blocked, id=552471, stack(0x0000736d831fd000,0x0000736d832fd000) (1024K)]
  0x0000736dac15b440 JavaThread "C2 CompilerThread0"         daemon [_thread_blocked, id=552472, stack(0x0000736d830fc000,0x0000736d831fc000) (1024K)]
  0x0000736dac15cb50 JavaThread "C1 CompilerThread0"         daemon [_thread_blocked, id=552473, stack(0x0000736d82ffb000,0x0000736d830fb000) (1024K)]
  0x0000736dac16ac80 JavaThread "Notification Thread"        daemon [_thread_blocked, id=552474, stack(0x0000736d82efa000,0x0000736d82ffa000) (1024K)]
  0x0000736dac16eb20 JavaThread "Common-Cleaner"             daemon [_thread_blocked, id=552475, stack(0x0000736d82df9000,0x0000736d82ef9000) (1024K)]
  0x0000736cf4077580 JavaThread "C1 CompilerThread1"         daemon [_thread_blocked, id=552476, stack(0x0000736d82cf8000,0x0000736d82df8000) (1024K)]
  0x0000736cf40788a0 JavaThread "C1 CompilerThread2"         daemon [_thread_blocked, id=552477, stack(0x0000736d82bf7000,0x0000736d82cf7000) (1024K)]
Total: 12

Other Threads:
  0x0000736dac1454a0 VMThread "VM Thread"                           [id=552466, stack(0x0000736d839fb000,0x0000736d83afb000) (1024K)]
  0x0000736dac12ab20 WatcherThread "VM Periodic Task Thread"        [id=552465, stack(0x0000736d83afc000,0x0000736d83bfc000) (1024K)]
  0x0000736dac054a40 WorkerThread "GC Thread#0"                     [id=552460, stack(0x0000736db00f9000,0x0000736db01f9000) (1024K)]
  0x0000736dac065910 ConcurrentGCThread "G1 Main Marker"            [id=552461, stack(0x0000736d92b00000,0x0000736d92c00000) (1024K)]
  0x0000736dac0668b0 WorkerThread "G1 Conc#0"                       [id=552462, stack(0x0000736d8ad00000,0x0000736d8ae00000) (1024K)]
  0x0000736dac1100d0 ConcurrentGCThread "G1 Refine#0"               [id=552463, stack(0x0000736d83cfe000,0x0000736d83dfe000) (1024K)]
  0x0000736dac111090 ConcurrentGCThread "G1 Service"                [id=552464, stack(0x0000736d83bfd000,0x0000736d83cfd000) (1024K)]
Total: 7

Threads with active compile tasks:
Total: 0

VM state: not at safepoint (normal execution)

VM Mutex/Monitor currently owned by a thread: None

Heap address: 0x000000060ec00000, size: 7956 MB, Compressed Oops mode: Zero based, Oop shift amount: 3

CDS archive(s) mapped at: [0x0000736d2a000000-0x0000736d2ac79000-0x0000736d2ac79000), size 13078528, SharedBaseAddress: 0x0000736d2a000000, ArchiveRelocationMode: 1.
Compressed class space mapped at: 0x0000736d2b000000-0x0000736d6b000000, reserved size: 1073741824
Narrow klass base: 0x0000736d2a000000, Narrow klass shift: 0, Narrow klass range: 0x100000000

GC Precious Log:
 CardTable entry size: 512
 Card Set container configuration: InlinePtr #cards 4 size 8 Array Of Cards #cards 32 size 80 Howl #buckets 8 coarsen threshold 7372 Howl Bitmap #cards 1024 size 144 coarsen threshold 921 Card regions per heap region 1 cards per card region 8192
 CPUs: 16 total, 16 available
 Memory: 31813M
 Large Page Support: Disabled
 NUMA Support: Disabled
 Compressed Oops: Enabled (Zero based)
 Heap Region Size: 4M
 Heap Min Capacity: 8M
 Heap Initial Capacity: 500M
 Heap Max Capacity: 7956M
 Pre-touch: Disabled
 Parallel Workers: 13
 Concurrent Workers: 3
 Concurrent Refinement Workers: 13
 Periodic GC: Disabled

Heap:
 garbage-first heap   total reserved 8146944K, committed 516096K, used 1059K [0x000000060ec00000, 0x0000000800000000)
  region size 4096K, 1 young (4096K), 0 survivors (0K)
 Metaspace       used 160K, committed 384K, reserved 1114112K
  class space    used 11K, committed 128K, reserved 1048576K

Heap Regions: E=young(eden), S=young(survivor), O=old, HS=humongous(starts), HC=humongous(continues), CS=collection set, F=free, TAMS=top-at-mark-start, PB=parsable bottom
|   0|0x000000060ec00000, 0x000000060ec00000, 0x000000060f000000|  0%| F|  |TAMS 0x000000060ec00000| PB 0x000000060ec00000| Untracked |  0
|   1|0x000000060f000000, 0x000000060f000000, 0x000000060f400000|  0%| F|  |TAMS 0x000000060f000000| PB 0x000000060f000000| Untracked |  0
|   2|0x000000060f400000, 0x000000060f400000, 0x000000060f800000|  0%| F|  |TAMS 0x000000060f400000| PB 0x000000060f400000| Untracked |  0
|   3|0x000000060f800000, 0x000000060f800000, 0x000000060fc00000|  0%| F|  |TAMS 0x000000060f800000| PB 0x000000060f800000| Untracked |  0
|   4|0x000000060fc00000, 0x000000060fc00000, 0x0000000610000000|  0%| F|  |TAMS 0x000000060fc00000| PB 0x000000060fc00000| Untracked |  0
|   5|0x0000000610000000, 0x0000000610000000, 0x0000000610400000|  0%| F|  |TAMS 0x0000000610000000| PB 0x0000000610000000| Untracked |  0
|   6|0x0000000610400000, 0x0000000610400000, 0x0000000610800000|  0%| F|  |TAMS 0x0000000610400000| PB 0x0000000610400000| Untracked |  0
|   7|0x0000000610800000, 0x0000000610800000, 0x0000000610c00000|  0%| F|  |TAMS 0x0000000610800000| PB 0x0000000610800000| Untracked |  0
|   8|0x0000000610c00000, 0x0000000610c00000, 0x0000000611000000|  0%| F|  |TAMS 0x0000000610c00000| PB 0x0000000610c00000| Untracked |  0
|   9|0x0000000611000000, 0x0000000611000000, 0x0000000611400000|  0%| F|  |TAMS 0x0000000611000000| PB 0x0000000611000000| Untracked |  0
|  10|0x0000000611400000, 0x0000000611400000, 0x0000000611800000|  0%| F|  |TAMS 0x0000000611400000| PB 0x0000000611400000| Untracked |  0
|  11|0x0000000611800000, 0x0000000611800000, 0x0000000611c00000|  0%| F|  |TAMS 0x0000000611800000| PB 0x0000000611800000| Untracked |  0
|  12|0x0000000611c00000, 0x0000000611c00000, 0x0000000612000000|  0%| F|  |TAMS 0x0000000611c00000| PB 0x0000000611c00000| Untracked |  0
|  13|0x0000000612000000, 0x0000000612000000, 0x0000000612400000|  0%| F|  |TAMS 0x0000000612000000| PB 0x0000000612000000| Untracked |  0
|  14|0x0000000612400000, 0x0000000612400000, 0x0000000612800000|  0%| F|  |TAMS 0x0000000612400000| PB 0x0000000612400000| Untracked |  0
|  15|0x0000000612800000, 0x0000000612800000, 0x0000000612c00000|  0%| F|  |TAMS 0x0000000612800000| PB 0x0000000612800000| Untracked |  0
|  16|0x0000000612c00000, 0x0000000612c00000, 0x0000000613000000|  0%| F|  |TAMS 0x0000000612c00000| PB 0x0000000612c00000| Untracked |  0
|  17|0x0000000613000000, 0x0000000613000000, 0x0000000613400000|  0%| F|  |TAMS 0x0000000613000000| PB 0x0000000613000000| Untracked |  0
|  18|0x0000000613400000, 0x0000000613400000, 0x0000000613800000|  0%| F|  |TAMS 0x0000000613400000| PB 0x0000000613400000| Untracked |  0
|  19|0x0000000613800000, 0x0000000613800000, 0x0000000613c00000|  0%| F|  |TAMS 0x0000000613800000| PB 0x0000000613800000| Untracked |  0
|  20|0x0000000613c00000, 0x0000000613c00000, 0x0000000614000000|  0%| F|  |TAMS 0x0000000613c00000| PB 0x0000000613c00000| Untracked |  0
|  21|0x0000000614000000, 0x0000000614000000, 0x0000000614400000|  0%| F|  |TAMS 0x0000000614000000| PB 0x0000000614000000| Untracked |  0
|  22|0x0000000614400000, 0x0000000614400000, 0x0000000614800000|  0%| F|  |TAMS 0x0000000614400000| PB 0x0000000614400000| Untracked |  0
|  23|0x0000000614800000, 0x0000000614800000, 0x0000000614c00000|  0%| F|  |TAMS 0x0000000614800000| PB 0x0000000614800000| Untracked |  0
|  24|0x0000000614c00000, 0x0000000614c00000, 0x0000000615000000|  0%| F|  |TAMS 0x0000000614c00000| PB 0x0000000614c00000| Untracked |  0
|  25|0x0000000615000000, 0x0000000615000000, 0x0000000615400000|  0%| F|  |TAMS 0x0000000615000000| PB 0x0000000615000000| Untracked |  0
|  26|0x0000000615400000, 0x0000000615400000, 0x0000000615800000|  0%| F|  |TAMS 0x0000000615400000| PB 0x0000000615400000| Untracked |  0
|  27|0x0000000615800000, 0x0000000615800000, 0x0000000615c00000|  0%| F|  |TAMS 0x0000000615800000| PB 0x0000000615800000| Untracked |  0
|  28|0x0000000615c00000, 0x0000000615c00000, 0x0000000616000000|  0%| F|  |TAMS 0x0000000615c00000| PB 0x0000000615c00000| Untracked |  0
|  29|0x0000000616000000, 0x0000000616000000, 0x0000000616400000|  0%| F|  |TAMS 0x0000000616000000| PB 0x0000000616000000| Untracked |  0
|  30|0x0000000616400000, 0x0000000616400000, 0x0000000616800000|  0%| F|  |TAMS 0x0000000616400000| PB 0x0000000616400000| Untracked |  0
|  31|0x0000000616800000, 0x0000000616800000, 0x0000000616c00000|  0%| F|  |TAMS 0x0000000616800000| PB 0x0000000616800000| Untracked |  0
|  32|0x0000000616c00000, 0x0000000616c00000, 0x0000000617000000|  0%| F|  |TAMS 0x0000000616c00000| PB 0x0000000616c00000| Untracked |  0
|  33|0x0000000617000000, 0x0000000617000000, 0x0000000617400000|  0%| F|  |TAMS 0x0000000617000000| PB 0x0000000617000000| Untracked |  0
|  34|0x0000000617400000, 0x0000000617400000, 0x0000000617800000|  0%| F|  |TAMS 0x0000000617400000| PB 0x0000000617400000| Untracked |  0
|  35|0x0000000617800000, 0x0000000617800000, 0x0000000617c00000|  0%| F|  |TAMS 0x0000000617800000| PB 0x0000000617800000| Untracked |  0
|  36|0x0000000617c00000, 0x0000000617c00000, 0x0000000618000000|  0%| F|  |TAMS 0x0000000617c00000| PB 0x0000000617c00000| Untracked |  0
|  37|0x0000000618000000, 0x0000000618000000, 0x0000000618400000|  0%| F|  |TAMS 0x0000000618000000| PB 0x0000000618000000| Untracked |  0
|  38|0x0000000618400000, 0x0000000618400000, 0x0000000618800000|  0%| F|  |TAMS 0x0000000618400000| PB 0x0000000618400000| Untracked |  0
|  39|0x0000000618800000, 0x0000000618800000, 0x0000000618c00000|  0%| F|  |TAMS 0x0000000618800000| PB 0x0000000618800000| Untracked |  0
|  40|0x0000000618c00000, 0x0000000618c00000, 0x0000000619000000|  0%| F|  |TAMS 0x0000000618c00000| PB 0x0000000618c00000| Untracked |  0
|  41|0x0000000619000000, 0x0000000619000000, 0x0000000619400000|  0%| F|  |TAMS 0x0000000619000000| PB 0x0000000619000000| Untracked |  0
|  42|0x0000000619400000, 0x0000000619400000, 0x0000000619800000|  0%| F|  |TAMS 0x0000000619400000| PB 0x0000000619400000| Untracked |  0
|  43|0x0000000619800000, 0x0000000619800000, 0x0000000619c00000|  0%| F|  |TAMS 0x0000000619800000| PB 0x0000000619800000| Untracked |  0
|  44|0x0000000619c00000, 0x0000000619c00000, 0x000000061a000000|  0%| F|  |TAMS 0x0000000619c00000| PB 0x0000000619c00000| Untracked |  0
|  45|0x000000061a000000, 0x000000061a000000, 0x000000061a400000|  0%| F|  |TAMS 0x000000061a000000| PB 0x000000061a000000| Untracked |  0
|  46|0x000000061a400000, 0x000000061a400000, 0x000000061a800000|  0%| F|  |TAMS 0x000000061a400000| PB 0x000000061a400000| Untracked |  0
|  47|0x000000061a800000, 0x000000061a800000, 0x000000061ac00000|  0%| F|  |TAMS 0x000000061a800000| PB 0x000000061a800000| Untracked |  0
|  48|0x000000061ac00000, 0x000000061ac00000, 0x000000061b000000|  0%| F|  |TAMS 0x000000061ac00000| PB 0x000000061ac00000| Untracked |  0
|  49|0x000000061b000000, 0x000000061b000000, 0x000000061b400000|  0%| F|  |TAMS 0x000000061b000000| PB 0x000000061b000000| Untracked |  0
|  50|0x000000061b400000, 0x000000061b400000, 0x000000061b800000|  0%| F|  |TAMS 0x000000061b400000| PB 0x000000061b400000| Untracked |  0
|  51|0x000000061b800000, 0x000000061b800000, 0x000000061bc00000|  0%| F|  |TAMS 0x000000061b800000| PB 0x000000061b800000| Untracked |  0
|  52|0x000000061bc00000, 0x000000061bc00000, 0x000000061c000000|  0%| F|  |TAMS 0x000000061bc00000| PB 0x000000061bc00000| Untracked |  0
|  53|0x000000061c000000, 0x000000061c000000, 0x000000061c400000|  0%| F|  |TAMS 0x000000061c000000| PB 0x000000061c000000| Untracked |  0
|  54|0x000000061c400000, 0x000000061c400000, 0x000000061c800000|  0%| F|  |TAMS 0x000000061c400000| PB 0x000000061c400000| Untracked |  0
|  55|0x000000061c800000, 0x000000061c800000, 0x000000061cc00000|  0%| F|  |TAMS 0x000000061c800000| PB 0x000000061c800000| Untracked |  0
|  56|0x000000061cc00000, 0x000000061cc00000, 0x000000061d000000|  0%| F|  |TAMS 0x000000061cc00000| PB 0x000000061cc00000| Untracked |  0
|  57|0x000000061d000000, 0x000000061d000000, 0x000000061d400000|  0%| F|  |TAMS 0x000000061d000000| PB 0x000000061d000000| Untracked |  0
|  58|0x000000061d400000, 0x000000061d400000, 0x000000061d800000|  0%| F|  |TAMS 0x000000061d400000| PB 0x000000061d400000| Untracked |  0
|  59|0x000000061d800000, 0x000000061d800000, 0x000000061dc00000|  0%| F|  |TAMS 0x000000061d800000| PB 0x000000061d800000| Untracked |  0
|  60|0x000000061dc00000, 0x000000061dc00000, 0x000000061e000000|  0%| F|  |TAMS 0x000000061dc00000| PB 0x000000061dc00000| Untracked |  0
|  61|0x000000061e000000, 0x000000061e000000, 0x000000061e400000|  0%| F|  |TAMS 0x000000061e000000| PB 0x000000061e000000| Untracked |  0
|  62|0x000000061e400000, 0x000000061e400000, 0x000000061e800000|  0%| F|  |TAMS 0x000000061e400000| PB 0x000000061e400000| Untracked |  0
|  63|0x000000061e800000, 0x000000061e800000, 0x000000061ec00000|  0%| F|  |TAMS 0x000000061e800000| PB 0x000000061e800000| Untracked |  0
|  64|0x000000061ec00000, 0x000000061ec00000, 0x000000061f000000|  0%| F|  |TAMS 0x000000061ec00000| PB 0x000000061ec00000| Untracked |  0
|  65|0x000000061f000000, 0x000000061f000000, 0x000000061f400000|  0%| F|  |TAMS 0x000000061f000000| PB 0x000000061f000000| Untracked |  0
|  66|0x000000061f400000, 0x000000061f400000, 0x000000061f800000|  0%| F|  |TAMS 0x000000061f400000| PB 0x000000061f400000| Untracked |  0
|  67|0x000000061f800000, 0x000000061f800000, 0x000000061fc00000|  0%| F|  |TAMS 0x000000061f800000| PB 0x000000061f800000| Untracked |  0
|  68|0x000000061fc00000, 0x000000061fc00000, 0x0000000620000000|  0%| F|  |TAMS 0x000000061fc00000| PB 0x000000061fc00000| Untracked |  0
|  69|0x0000000620000000, 0x0000000620000000, 0x0000000620400000|  0%| F|  |TAMS 0x0000000620000000| PB 0x0000000620000000| Untracked |  0
|  70|0x0000000620400000, 0x0000000620400000, 0x0000000620800000|  0%| F|  |TAMS 0x0000000620400000| PB 0x0000000620400000| Untracked |  0
|  71|0x0000000620800000, 0x0000000620800000, 0x0000000620c00000|  0%| F|  |TAMS 0x0000000620800000| PB 0x0000000620800000| Untracked |  0
|  72|0x0000000620c00000, 0x0000000620c00000, 0x0000000621000000|  0%| F|  |TAMS 0x0000000620c00000| PB 0x0000000620c00000| Untracked |  0
|  73|0x0000000621000000, 0x0000000621000000, 0x0000000621400000|  0%| F|  |TAMS 0x0000000621000000| PB 0x0000000621000000| Untracked |  0
|  74|0x0000000621400000, 0x0000000621400000, 0x0000000621800000|  0%| F|  |TAMS 0x0000000621400000| PB 0x0000000621400000| Untracked |  0
|  75|0x0000000621800000, 0x0000000621800000, 0x0000000621c00000|  0%| F|  |TAMS 0x0000000621800000| PB 0x0000000621800000| Untracked |  0
|  76|0x0000000621c00000, 0x0000000621c00000, 0x0000000622000000|  0%| F|  |TAMS 0x0000000621c00000| PB 0x0000000621c00000| Untracked |  0
|  77|0x0000000622000000, 0x0000000622000000, 0x0000000622400000|  0%| F|  |TAMS 0x0000000622000000| PB 0x0000000622000000| Untracked |  0
|  78|0x0000000622400000, 0x0000000622400000, 0x0000000622800000|  0%| F|  |TAMS 0x0000000622400000| PB 0x0000000622400000| Untracked |  0
|  79|0x0000000622800000, 0x0000000622800000, 0x0000000622c00000|  0%| F|  |TAMS 0x0000000622800000| PB 0x0000000622800000| Untracked |  0
|  80|0x0000000622c00000, 0x0000000622c00000, 0x0000000623000000|  0%| F|  |TAMS 0x0000000622c00000| PB 0x0000000622c00000| Untracked |  0
|  81|0x0000000623000000, 0x0000000623000000, 0x0000000623400000|  0%| F|  |TAMS 0x0000000623000000| PB 0x0000000623000000| Untracked |  0
|  82|0x0000000623400000, 0x0000000623400000, 0x0000000623800000|  0%| F|  |TAMS 0x0000000623400000| PB 0x0000000623400000| Untracked |  0
|  83|0x0000000623800000, 0x0000000623800000, 0x0000000623c00000|  0%| F|  |TAMS 0x0000000623800000| PB 0x0000000623800000| Untracked |  0
|  84|0x0000000623c00000, 0x0000000623c00000, 0x0000000624000000|  0%| F|  |TAMS 0x0000000623c00000| PB 0x0000000623c00000| Untracked |  0
|  85|0x0000000624000000, 0x0000000624000000, 0x0000000624400000|  0%| F|  |TAMS 0x0000000624000000| PB 0x0000000624000000| Untracked |  0
|  86|0x0000000624400000, 0x0000000624400000, 0x0000000624800000|  0%| F|  |TAMS 0x0000000624400000| PB 0x0000000624400000| Untracked |  0
|  87|0x0000000624800000, 0x0000000624800000, 0x0000000624c00000|  0%| F|  |TAMS 0x0000000624800000| PB 0x0000000624800000| Untracked |  0
|  88|0x0000000624c00000, 0x0000000624c00000, 0x0000000625000000|  0%| F|  |TAMS 0x0000000624c00000| PB 0x0000000624c00000| Untracked |  0
|  89|0x0000000625000000, 0x0000000625000000, 0x0000000625400000|  0%| F|  |TAMS 0x0000000625000000| PB 0x0000000625000000| Untracked |  0
|  90|0x0000000625400000, 0x0000000625400000, 0x0000000625800000|  0%| F|  |TAMS 0x0000000625400000| PB 0x0000000625400000| Untracked |  0
|  91|0x0000000625800000, 0x0000000625800000, 0x0000000625c00000|  0%| F|  |TAMS 0x0000000625800000| PB 0x0000000625800000| Untracked |  0
|  92|0x0000000625c00000, 0x0000000625c00000, 0x0000000626000000|  0%| F|  |TAMS 0x0000000625c00000| PB 0x0000000625c00000| Untracked |  0
|  93|0x0000000626000000, 0x0000000626000000, 0x0000000626400000|  0%| F|  |TAMS 0x0000000626000000| PB 0x0000000626000000| Untracked |  0
|  94|0x0000000626400000, 0x0000000626400000, 0x0000000626800000|  0%| F|  |TAMS 0x0000000626400000| PB 0x0000000626400000| Untracked |  0
|  95|0x0000000626800000, 0x0000000626800000, 0x0000000626c00000|  0%| F|  |TAMS 0x0000000626800000| PB 0x0000000626800000| Untracked |  0
|  96|0x0000000626c00000, 0x0000000626c00000, 0x0000000627000000|  0%| F|  |TAMS 0x0000000626c00000| PB 0x0000000626c00000| Untracked |  0
|  97|0x0000000627000000, 0x0000000627000000, 0x0000000627400000|  0%| F|  |TAMS 0x0000000627000000| PB 0x0000000627000000| Untracked |  0
|  98|0x0000000627400000, 0x0000000627400000, 0x0000000627800000|  0%| F|  |TAMS 0x0000000627400000| PB 0x0000000627400000| Untracked |  0
|  99|0x0000000627800000, 0x0000000627800000, 0x0000000627c00000|  0%| F|  |TAMS 0x0000000627800000| PB 0x0000000627800000| Untracked |  0
| 100|0x0000000627c00000, 0x0000000627c00000, 0x0000000628000000|  0%| F|  |TAMS 0x0000000627c00000| PB 0x0000000627c00000| Untracked |  0
| 101|0x0000000628000000, 0x0000000628000000, 0x0000000628400000|  0%| F|  |TAMS 0x0000000628000000| PB 0x0000000628000000| Untracked |  0
| 102|0x0000000628400000, 0x0000000628400000, 0x0000000628800000|  0%| F|  |TAMS 0x0000000628400000| PB 0x0000000628400000| Untracked |  0
| 103|0x0000000628800000, 0x0000000628800000, 0x0000000628c00000|  0%| F|  |TAMS 0x0000000628800000| PB 0x0000000628800000| Untracked |  0
| 104|0x0000000628c00000, 0x0000000628c00000, 0x0000000629000000|  0%| F|  |TAMS 0x0000000628c00000| PB 0x0000000628c00000| Untracked |  0
| 105|0x0000000629000000, 0x0000000629000000, 0x0000000629400000|  0%| F|  |TAMS 0x0000000629000000| PB 0x0000000629000000| Untracked |  0
| 106|0x0000000629400000, 0x0000000629400000, 0x0000000629800000|  0%| F|  |TAMS 0x0000000629400000| PB 0x0000000629400000| Untracked |  0
| 107|0x0000000629800000, 0x0000000629800000, 0x0000000629c00000|  0%| F|  |TAMS 0x0000000629800000| PB 0x0000000629800000| Untracked |  0
| 108|0x0000000629c00000, 0x0000000629c00000, 0x000000062a000000|  0%| F|  |TAMS 0x0000000629c00000| PB 0x0000000629c00000| Untracked |  0
| 109|0x000000062a000000, 0x000000062a000000, 0x000000062a400000|  0%| F|  |TAMS 0x000000062a000000| PB 0x000000062a000000| Untracked |  0
| 110|0x000000062a400000, 0x000000062a400000, 0x000000062a800000|  0%| F|  |TAMS 0x000000062a400000| PB 0x000000062a400000| Untracked |  0
| 111|0x000000062a800000, 0x000000062a800000, 0x000000062ac00000|  0%| F|  |TAMS 0x000000062a800000| PB 0x000000062a800000| Untracked |  0
| 112|0x000000062ac00000, 0x000000062ac00000, 0x000000062b000000|  0%| F|  |TAMS 0x000000062ac00000| PB 0x000000062ac00000| Untracked |  0
| 113|0x000000062b000000, 0x000000062b000000, 0x000000062b400000|  0%| F|  |TAMS 0x000000062b000000| PB 0x000000062b000000| Untracked |  0
| 114|0x000000062b400000, 0x000000062b400000, 0x000000062b800000|  0%| F|  |TAMS 0x000000062b400000| PB 0x000000062b400000| Untracked |  0
| 115|0x000000062b800000, 0x000000062b800000, 0x000000062bc00000|  0%| F|  |TAMS 0x000000062b800000| PB 0x000000062b800000| Untracked |  0
| 116|0x000000062bc00000, 0x000000062bc00000, 0x000000062c000000|  0%| F|  |TAMS 0x000000062bc00000| PB 0x000000062bc00000| Untracked |  0
| 117|0x000000062c000000, 0x000000062c000000, 0x000000062c400000|  0%| F|  |TAMS 0x000000062c000000| PB 0x000000062c000000| Untracked |  0
| 118|0x000000062c400000, 0x000000062c400000, 0x000000062c800000|  0%| F|  |TAMS 0x000000062c400000| PB 0x000000062c400000| Untracked |  0
| 119|0x000000062c800000, 0x000000062c800000, 0x000000062cc00000|  0%| F|  |TAMS 0x000000062c800000| PB 0x000000062c800000| Untracked |  0
| 120|0x000000062cc00000, 0x000000062cc00000, 0x000000062d000000|  0%| F|  |TAMS 0x000000062cc00000| PB 0x000000062cc00000| Untracked |  0
| 121|0x000000062d000000, 0x000000062d000000, 0x000000062d400000|  0%| F|  |TAMS 0x000000062d000000| PB 0x000000062d000000| Untracked |  0
| 122|0x000000062d400000, 0x000000062d400000, 0x000000062d800000|  0%| F|  |TAMS 0x000000062d400000| PB 0x000000062d400000| Untracked |  0
| 123|0x000000062d800000, 0x000000062d800000, 0x000000062dc00000|  0%| F|  |TAMS 0x000000062d800000| PB 0x000000062d800000| Untracked |  0
| 124|0x000000062dc00000, 0x000000062de482a0, 0x000000062e000000| 57%| E|  |TAMS 0x000000062dc00000| PB 0x000000062dc00000| Complete |  0
|1988|0x00000007ffc00000, 0x00000007ffd08d00, 0x0000000800000000| 25%| O|  |TAMS 0x00000007ffc00000| PB 0x00000007ffc00000| Untracked |  0

Card table byte_map: [0x0000736d92c00000,0x0000736d93b8a000] _byte_map_base: 0x0000736d8fb8a000

Marking Bits: (CMBitMap*) 0x0000736dac055570
 Bits: [0x0000736d8ae00000, 0x0000736d92a50000)

Polling page: 0x0000736db2b57000

Metaspace:

Usage:
  Non-class:    149.65 KB used.
      Class:     11.18 KB used.
       Both:    160.83 KB used.

Virtual space:
  Non-class space:       64.00 MB reserved,     256.00 KB ( <1%) committed,  1 nodes.
      Class space:        1.00 GB reserved,     128.00 KB ( <1%) committed,  1 nodes.
             Both:        1.06 GB reserved,     384.00 KB ( <1%) committed. 

Chunk freelists:
   Non-Class:  11.98 MB
       Class:  15.74 MB
        Both:  27.72 MB

MaxMetaspaceSize: unlimited
CompressedClassSpaceSize: 1.00 GB
Initial GC threshold: 21.00 MB
Current GC threshold: 21.00 MB
CDS: on
 - commit_granule_bytes: 65536.
 - commit_granule_words: 8192.
 - virtual_space_node_default_size: 8388608.
 - enlarge_chunks_in_place: 1.
 - use_allocation_guard: 0.


Internal statistics:

num_allocs_failed_limit: 0.
num_arena_births: 4.
num_arena_deaths: 0.
num_vsnodes_births: 2.
num_vsnodes_deaths: 0.
num_space_committed: 6.
num_space_uncommitted: 0.
num_chunks_returned_to_freelist: 0.
num_chunks_taken_from_freelist: 9.
num_chunk_merges: 0.
num_chunk_splits: 5.
num_chunks_enlarged: 2.
num_inconsistent_stats: 0.

CodeHeap 'non-profiled nmethods': size=119168Kb used=8Kb max_used=8Kb free=119159Kb
 bounds [0x0000736d9c7a0000, 0x0000736d9ca10000, 0x0000736da3c00000]
CodeHeap 'profiled nmethods': size=119164Kb used=58Kb max_used=58Kb free=119105Kb
 bounds [0x0000736d94c00000, 0x0000736d94e70000, 0x0000736d9c05f000]
CodeHeap 'non-nmethods': size=7428Kb used=2320Kb max_used=2334Kb free=5107Kb
 bounds [0x0000736d9c05f000, 0x0000736d9c2cf000, 0x0000736d9c7a0000]
 total_blobs=376 nmethods=41 adapters=240
 compilation: enabled
              stopped_count=0, restarted_count=0
 full_count=0

Compilation events (20 events):
Event: 0.056 Thread 0x0000736cf40788a0   32       3       jdk.internal.misc.Unsafe::getReferenceAcquire (7 bytes)
Event: 0.056 Thread 0x0000736cf40788a0 nmethod 32 0x0000736d94c0c810 code [0x0000736d94c0c9a0, 0x0000736d94c0cb00]
Event: 0.056 Thread 0x0000736dac15cb50 nmethod 31 0x0000736d94c0cb90 code [0x0000736d94c0cd20, 0x0000736d94c0cfe8]
Event: 0.056 Thread 0x0000736dac15cb50   34       3       java.lang.String::length (11 bytes)
Event: 0.056 Thread 0x0000736dac15cb50 nmethod 34 0x0000736d94c0d110 code [0x0000736d94c0d2a0, 0x0000736d94c0d440]
Event: 0.057 Thread 0x0000736cf4077580   35       3       jdk.internal.util.Preconditions::checkIndex (18 bytes)
Event: 0.057 Thread 0x0000736dac15cb50   36       3       java.lang.String::charAt (25 bytes)
Event: 0.057 Thread 0x0000736cf40788a0   37       3       java.lang.StringLatin1::charAt (15 bytes)
Event: 0.057 Thread 0x0000736cf4077580 nmethod 35 0x0000736d94c0d510 code [0x0000736d94c0d6a0, 0x0000736d94c0d830]
Event: 0.057 Thread 0x0000736cf4077580   38       3       java.lang.String::checkIndex (10 bytes)
Event: 0.057 Thread 0x0000736cf4077580 nmethod 38 0x0000736d94c0d910 code [0x0000736d94c0daa0, 0x0000736d94c0dbd0]
Event: 0.057 Thread 0x0000736cf40788a0 nmethod 37 0x0000736d94c0dc90 code [0x0000736d94c0de20, 0x0000736d94c0dfe0]
Event: 0.057 Thread 0x0000736dac15cb50 nmethod 36 0x0000736d94c0e110 code [0x0000736d94c0e2e0, 0x0000736d94c0e668]
Event: 0.057 Thread 0x0000736dac15b440 nmethod 29 0x0000736d9c7a0f90 code [0x0000736d9c7a1100, 0x0000736d9c7a1310]
Event: 0.057 Thread 0x0000736dac15b440   30       4       java.util.zip.ZipUtils::LG (22 bytes)
Event: 0.058 Thread 0x0000736dac15b440 nmethod 30 0x0000736d9c7a1410 code [0x0000736d9c7a1580, 0x0000736d9c7a1688]
Event: 0.058 Thread 0x0000736dac15b440   39       4       jdk.internal.util.ArraysSupport::vectorizedHashCode (158 bytes)
Event: 0.060 Thread 0x0000736cf40788a0   40       3       java.lang.Math::min (11 bytes)
Event: 0.060 Thread 0x0000736cf40788a0 nmethod 40 0x0000736d94c0e810 code [0x0000736d94c0e9a0, 0x0000736d94c0ead0]
Event: 0.062 Thread 0x0000736dac15b440 nmethod 39 0x0000736d9c7a1790 code [0x0000736d9c7a1920, 0x0000736d9c7a1bc0]

GC Heap History (0 events):
No events

Dll operation events (5 events):
Event: 0.003 Loaded shared library /usr/lib/jvm/java-22-jdk/lib/libjava.so
Event: 0.041 Loaded shared library /usr/lib/jvm/java-22-jdk/lib/libjsvml.so
Event: 0.046 Loaded shared library /usr/lib/jvm/java-22-jdk/lib/libnio.so
Event: 0.055 Loaded shared library /usr/lib/jvm/java-22-jdk/lib/libzip.so
Event: 0.062 Loaded shared library /home/gnome/dev/RustroverProjects/rencfs/rencfs/kotlin-bridge/target/release/librust_kotlin.so

Deoptimization events (0 events):
No events

Classes loaded (8 events):
Event: 0.035 Loading class sun/nio/cs/UTF_8$Encoder
Event: 0.035 Loading class sun/nio/cs/UTF_8$Encoder done
Event: 0.060 Loading class java/lang/IllegalStateException
Event: 0.060 Loading class java/lang/IllegalStateException done
Event: 0.061 Loading class java/lang/AssertionError
Event: 0.061 Loading class java/lang/AssertionError done
Event: 0.061 Loading class java/lang/UnsupportedOperationException
Event: 0.061 Loading class java/lang/UnsupportedOperationException done

Classes unloaded (0 events):
No events

Classes redefined (0 events):
No events

Internal exceptions (0 events):
No events

ZGC Phase Switch (0 events):
No events

VM Operations (0 events):
No events

Events (20 events):
Event: 0.037 Thread 0x0000736dac1550c0 Thread added: 0x0000736dac1550c0
Event: 0.037 Protecting memory [0x0000736d83500000,0x0000736d83504000] with protection modes 0
Event: 0.037 Thread 0x0000736dac156cc0 Thread added: 0x0000736dac156cc0
Event: 0.037 Protecting memory [0x0000736d833ff000,0x0000736d83403000] with protection modes 0
Event: 0.038 Thread 0x0000736dac158300 Thread added: 0x0000736dac158300
Event: 0.038 Protecting memory [0x0000736d832fe000,0x0000736d83302000] with protection modes 0
Event: 0.038 Thread 0x0000736dac1598a0 Thread added: 0x0000736dac1598a0
Event: 0.038 Protecting memory [0x0000736d831fd000,0x0000736d83201000] with protection modes 0
Event: 0.038 Thread 0x0000736dac15b440 Thread added: 0x0000736dac15b440
Event: 0.038 Protecting memory [0x0000736d830fc000,0x0000736d83100000] with protection modes 0
Event: 0.039 Thread 0x0000736dac15cb50 Thread added: 0x0000736dac15cb50
Event: 0.039 Protecting memory [0x0000736d82ffb000,0x0000736d82fff000] with protection modes 0
Event: 0.043 Thread 0x0000736dac16ac80 Thread added: 0x0000736dac16ac80
Event: 0.043 Protecting memory [0x0000736d82efa000,0x0000736d82efe000] with protection modes 0
Event: 0.045 Thread 0x0000736dac16eb20 Thread added: 0x0000736dac16eb20
Event: 0.045 Protecting memory [0x0000736d82df9000,0x0000736d82dfd000] with protection modes 0
Event: 0.049 Thread 0x0000736cf4077580 Thread added: 0x0000736cf4077580
Event: 0.050 Protecting memory [0x0000736d82cf8000,0x0000736d82cfc000] with protection modes 0
Event: 0.050 Thread 0x0000736cf40788a0 Thread added: 0x0000736cf40788a0
Event: 0.050 Protecting memory [0x0000736d82bf7000,0x0000736d82bfb000] with protection modes 0


Dynamic libraries:
60ec00000-62e000000 rw-p 00000000 00:00 0 
62e000000-7ffc00000 ---p 00000000 00:00 0 
7ffc00000-7ffd09000 rw-p 00cb8000 fe:00 37127505                         /usr/lib/jvm/java-22-jdk/lib/server/classes.jsa
7ffd09000-800000000 rw-p 00000000 00:00 0 
5afef87a5000-5afef87a6000 r-xp 00000000 fe:00 37127339                   /usr/lib/jvm/java-22-jdk/bin/java
5afef87a7000-5afef87a8000 r--p 00001000 fe:00 37127339                   /usr/lib/jvm/java-22-jdk/bin/java
5afef87a8000-5afef87a9000 rw-p 00002000 fe:00 37127339                   /usr/lib/jvm/java-22-jdk/bin/java
5afefa7d9000-5afefa820000 rw-p 00000000 00:00 0                          [heap]
736cd0000000-736cd0021000 rw-p 00000000 00:00 0 
736cd0021000-736cd4000000 ---p 00000000 00:00 0 
736cd8000000-736cd803a000 rw-p 00000000 00:00 0 
736cd803a000-736cdc000000 ---p 00000000 00:00 0 
736cdc000000-736cdc032000 rw-p 00000000 00:00 0 
736cdc032000-736ce0000000 ---p 00000000 00:00 0 
736ce4000000-736ce4021000 rw-p 00000000 00:00 0 
736ce4021000-736ce8000000 ---p 00000000 00:00 0 
736ce8000000-736ce8021000 rw-p 00000000 00:00 0 
736ce8021000-736cec000000 ---p 00000000 00:00 0 
736cf0000000-736cf007d000 rw-p 00000000 00:00 0 
736cf007d000-736cf4000000 ---p 00000000 00:00 0 
736cf4000000-736cf40e2000 rw-p 00000000 00:00 0 
736cf40e2000-736cf8000000 ---p 00000000 00:00 0 
736cfc000000-736cfc021000 rw-p 00000000 00:00 0 
736cfc021000-736d00000000 ---p 00000000 00:00 0 
736d00000000-736d00021000 rw-p 00000000 00:00 0 
736d00021000-736d04000000 ---p 00000000 00:00 0 
736d08000000-736d08021000 rw-p 00000000 00:00 0 
736d08021000-736d0c000000 ---p 00000000 00:00 0 
736d0c000000-736d0c021000 rw-p 00000000 00:00 0 
736d0c021000-736d10000000 ---p 00000000 00:00 0 
736d14000000-736d14021000 rw-p 00000000 00:00 0 
736d14021000-736d18000000 ---p 00000000 00:00 0 
736d18000000-736d18021000 rw-p 00000000 00:00 0 
736d18021000-736d1c000000 ---p 00000000 00:00 0 
736d20000000-736d20030000 rw-p 00000000 00:00 0 
736d20030000-736d20400000 ---p 00000000 00:00 0 
736d20400000-736d20410000 rw-p 00000000 00:00 0 
736d20410000-736d24000000 ---p 00000000 00:00 0 
736d24000000-736d24021000 rw-p 00000000 00:00 0 
736d24021000-736d28000000 ---p 00000000 00:00 0 
736d2a000000-736d2ac79000 rw-p 00001000 fe:00 37127505                   /usr/lib/jvm/java-22-jdk/lib/server/classes.jsa
736d2ac79000-736d2b000000 ---p 00000000 00:00 0 
736d2b000000-736d2b010000 rw-p 00000000 00:00 0 
736d2b010000-736d2b040000 ---p 00000000 00:00 0 
736d2b040000-736d2b050000 rw-p 00000000 00:00 0 
736d2b050000-736d6b000000 ---p 00000000 00:00 0 
736d6c000000-736d6c021000 rw-p 00000000 00:00 0 
736d6c021000-736d70000000 ---p 00000000 00:00 0 
736d70000000-736d70021000 rw-p 00000000 00:00 0 
736d70021000-736d74000000 ---p 00000000 00:00 0 
736d78000000-736d78021000 rw-p 00000000 00:00 0 
736d78021000-736d7c000000 ---p 00000000 00:00 0 
736d7c000000-736d7c021000 rw-p 00000000 00:00 0 
736d7c021000-736d80000000 ---p 00000000 00:00 0 
736d81c00000-736d81c01000 ---p 00000000 00:00 0 
736d81c01000-736d81e01000 rw-p 00000000 00:00 0 
736d82000000-736d823e9000 rw-p 00000000 00:00 0 
736d82400000-736d8260f000 r--p 00000000 fe:00 14068805                   /home/gnome/dev/RustroverProjects/rencfs/rencfs/kotlin-bridge/target/release/librust_kotlin.so
736d8260f000-736d829b2000 r-xp 0020e000 fe:00 14068805                   /home/gnome/dev/RustroverProjects/rencfs/rencfs/kotlin-bridge/target/release/librust_kotlin.so
736d829b2000-736d82a26000 r--p 005b0000 fe:00 14068805                   /home/gnome/dev/RustroverProjects/rencfs/rencfs/kotlin-bridge/target/release/librust_kotlin.so
736d82a26000-736d82a2a000 rw-p 00623000 fe:00 14068805                   /home/gnome/dev/RustroverProjects/rencfs/rencfs/kotlin-bridge/target/release/librust_kotlin.so
736d82a2a000-736d82a2c000 rw-p 00000000 00:00 0 
736d82a39000-736d82bf6000 rw-p 00000000 00:00 0 
736d82bf6000-736d82bf7000 ---p 00000000 00:00 0 
736d82bf7000-736d82bfb000 ---p 00000000 00:00 0 
736d82bfb000-736d82cf7000 rw-p 00000000 00:00 0 
736d82cf7000-736d82cf8000 ---p 00000000 00:00 0 
736d82cf8000-736d82cfc000 ---p 00000000 00:00 0 
736d82cfc000-736d82df8000 rw-p 00000000 00:00 0 
736d82df8000-736d82df9000 ---p 00000000 00:00 0 
736d82df9000-736d82dfd000 ---p 00000000 00:00 0 
736d82dfd000-736d82ef9000 rw-p 00000000 00:00 0 
736d82ef9000-736d82efa000 ---p 00000000 00:00 0 
736d82efa000-736d82efe000 ---p 00000000 00:00 0 
736d82efe000-736d82ffa000 rw-p 00000000 00:00 0 
736d82ffa000-736d82ffb000 ---p 00000000 00:00 0 
736d82ffb000-736d82fff000 ---p 00000000 00:00 0 
736d82fff000-736d830fb000 rw-p 00000000 00:00 0 
736d830fb000-736d830fc000 ---p 00000000 00:00 0 
736d830fc000-736d83100000 ---p 00000000 00:00 0 
736d83100000-736d831fc000 rw-p 00000000 00:00 0 
736d831fc000-736d831fd000 ---p 00000000 00:00 0 
736d831fd000-736d83201000 ---p 00000000 00:00 0 
736d83201000-736d832fd000 rw-p 00000000 00:00 0 
736d832fd000-736d832fe000 ---p 00000000 00:00 0 
736d832fe000-736d83302000 ---p 00000000 00:00 0 
736d83302000-736d833fe000 rw-p 00000000 00:00 0 
736d833fe000-736d833ff000 ---p 00000000 00:00 0 
736d833ff000-736d83403000 ---p 00000000 00:00 0 
736d83403000-736d834ff000 rw-p 00000000 00:00 0 
736d834ff000-736d83500000 ---p 00000000 00:00 0 
736d83500000-736d83504000 ---p 00000000 00:00 0 
736d83504000-736d83600000 rw-p 00000000 00:00 0 
736d83600000-736d838eb000 r--p 00000000 fe:00 35934749                   /usr/lib/locale/locale-archive
736d838f9000-736d838fa000 ---p 00000000 00:00 0 
736d838fa000-736d838fe000 ---p 00000000 00:00 0 
736d838fe000-736d839fa000 rw-p 00000000 00:00 0 
736d839fa000-736d839fb000 ---p 00000000 00:00 0 
736d839fb000-736d83afb000 rw-p 00000000 00:00 0 
736d83afb000-736d83afc000 ---p 00000000 00:00 0 
736d83afc000-736d83bfc000 rw-p 00000000 00:00 0 
736d83bfc000-736d83bfd000 ---p 00000000 00:00 0 
736d83bfd000-736d83cfd000 rw-p 00000000 00:00 0 
736d83cfd000-736d83cfe000 ---p 00000000 00:00 0 
736d83cfe000-736d83dfe000 rw-p 00000000 00:00 0 
736d83dfe000-736d84021000 rw-p 00000000 00:00 0 
736d84021000-736d88000000 ---p 00000000 00:00 0 
736d8805b000-736d8ac00000 rw-p 00000000 00:00 0 
736d8ac2f000-736d8acfd000 r-xp 00000000 fe:00 37127478                   /usr/lib/jvm/java-22-jdk/lib/libjsvml.so
736d8acfd000-736d8acfe000 r--p 000cd000 fe:00 37127478                   /usr/lib/jvm/java-22-jdk/lib/libjsvml.so
736d8acfe000-736d8acff000 rw-p 000ce000 fe:00 37127478                   /usr/lib/jvm/java-22-jdk/lib/libjsvml.so
736d8acff000-736d8ad00000 ---p 00000000 00:00 0 
736d8ad00000-736d8ae00000 rw-p 00000000 00:00 0 
736d8ae00000-736d8b5d0000 rw-p 00000000 00:00 0 
736d8b5d0000-736d92a40000 ---p 00000000 00:00 0 
736d92a40000-736d92a50000 rw-p 00000000 00:00 0 
736d92a7e000-736d92aff000 rw-p 00000000 00:00 0 
736d92aff000-736d92b00000 ---p 00000000 00:00 0 
736d92b00000-736d92c00000 rw-p 00000000 00:00 0 
736d92c00000-736d92cfa000 rw-p 00000000 00:00 0 
736d92cfa000-736d93b88000 ---p 00000000 00:00 0 
736d93b88000-736d93b8a000 rw-p 00000000 00:00 0 
736d93c00000-736d93cfa000 rw-p 00000000 00:00 0 
736d93cfa000-736d94b88000 ---p 00000000 00:00 0 
736d94b88000-736d94b8a000 rw-p 00000000 00:00 0 
736d94c00000-736d94e70000 rwxp 00000000 00:00 0 
736d94e70000-736d9c05f000 ---p 00000000 00:00 0 
736d9c05f000-736d9c2cf000 rwxp 00000000 00:00 0 
736d9c2cf000-736d9c7a0000 ---p 00000000 00:00 0 
736d9c7a0000-736d9ca10000 rwxp 00000000 00:00 0 
736d9ca10000-736da3c00000 ---p 00000000 00:00 0 
736da3c00000-736dabfb9000 r--s 00000000 fe:00 37127496                   /usr/lib/jvm/java-22-jdk/lib/modules
736dabfd3000-736dabfd7000 r--p 00000000 fe:00 35918804                   /usr/lib/libgcc_s.so.1
736dabfd7000-736dabffa000 r-xp 00004000 fe:00 35918804                   /usr/lib/libgcc_s.so.1
736dabffa000-736dabffe000 r--p 00027000 fe:00 35918804                   /usr/lib/libgcc_s.so.1
736dabffe000-736dabfff000 r--p 0002a000 fe:00 35918804                   /usr/lib/libgcc_s.so.1
736dabfff000-736dac000000 rw-p 0002b000 fe:00 35918804                   /usr/lib/libgcc_s.so.1
736dac000000-736dac1e4000 rw-p 00000000 00:00 0 
736dac1e4000-736db0000000 ---p 00000000 00:00 0 
736db005c000-736db00f8000 rw-p 00000000 00:00 0 
736db00f8000-736db00f9000 ---p 00000000 00:00 0 
736db00f9000-736db01f9000 rw-p 00000000 00:00 0 
736db01f9000-736db1048000 rw-p 00000000 00:00 0 
736db1048000-736db112c000 ---p 00000000 00:00 0 
736db112c000-736db1131000 rw-p 00000000 00:00 0 
736db1131000-736db1215000 ---p 00000000 00:00 0 
736db1215000-736db1219000 ---p 00000000 00:00 0 
736db1219000-736db1315000 rw-p 00000000 00:00 0 
736db1315000-736db1323000 r--p 00000000 fe:00 35923412                   /usr/lib/libm.so.6
736db1323000-736db13a3000 r-xp 0000e000 fe:00 35923412                   /usr/lib/libm.so.6
736db13a3000-736db13fe000 r--p 0008e000 fe:00 35923412                   /usr/lib/libm.so.6
736db13fe000-736db13ff000 r--p 000e9000 fe:00 35923412                   /usr/lib/libm.so.6
736db13ff000-736db1400000 rw-p 000ea000 fe:00 35923412                   /usr/lib/libm.so.6
736db1400000-736db2740000 r-xp 00000000 fe:00 37127508                   /usr/lib/jvm/java-22-jdk/lib/server/libjvm.so
736db2740000-736db280d000 r--p 0133f000 fe:00 37127508                   /usr/lib/jvm/java-22-jdk/lib/server/libjvm.so
736db280d000-736db283b000 rw-p 0140c000 fe:00 37127508                   /usr/lib/jvm/java-22-jdk/lib/server/libjvm.so
736db283b000-736db28b1000 rw-p 00000000 00:00 0 
736db28bf000-736db28c6000 r-xp 00000000 fe:00 37127495                   /usr/lib/jvm/java-22-jdk/lib/libzip.so
736db28c6000-736db28c7000 ---p 00007000 fe:00 37127495                   /usr/lib/jvm/java-22-jdk/lib/libzip.so
736db28c7000-736db28c8000 r--p 00007000 fe:00 37127495                   /usr/lib/jvm/java-22-jdk/lib/libzip.so
736db28c8000-736db28c9000 rw-p 00008000 fe:00 37127495                   /usr/lib/jvm/java-22-jdk/lib/libzip.so
736db28c9000-736db28d4000 r-xp 00000000 fe:00 37127485                   /usr/lib/jvm/java-22-jdk/lib/libnet.so
736db28d4000-736db28d5000 ---p 0000b000 fe:00 37127485                   /usr/lib/jvm/java-22-jdk/lib/libnet.so
736db28d5000-736db28d6000 r--p 0000b000 fe:00 37127485                   /usr/lib/jvm/java-22-jdk/lib/libnet.so
736db28d6000-736db28d7000 rw-p 0000c000 fe:00 37127485                   /usr/lib/jvm/java-22-jdk/lib/libnet.so
736db28d7000-736db28ea000 r-xp 00000000 fe:00 37127486                   /usr/lib/jvm/java-22-jdk/lib/libnio.so
736db28ea000-736db28eb000 ---p 00013000 fe:00 37127486                   /usr/lib/jvm/java-22-jdk/lib/libnio.so
736db28eb000-736db28ec000 r--p 00013000 fe:00 37127486                   /usr/lib/jvm/java-22-jdk/lib/libnio.so
736db28ec000-736db28ed000 rw-p 00014000 fe:00 37127486                   /usr/lib/jvm/java-22-jdk/lib/libnio.so
736db28ed000-736db28f2000 rw-p 00000000 00:00 0 
736db28f2000-736db28fc000 ---p 00000000 00:00 0 
736db28fc000-736db291c000 r-xp 00000000 fe:00 37127470                   /usr/lib/jvm/java-22-jdk/lib/libjava.so
736db291c000-736db291d000 ---p 00020000 fe:00 37127470                   /usr/lib/jvm/java-22-jdk/lib/libjava.so
736db291d000-736db291e000 r--p 00020000 fe:00 37127470                   /usr/lib/jvm/java-22-jdk/lib/libjava.so
736db291e000-736db291f000 rw-p 00021000 fe:00 37127470                   /usr/lib/jvm/java-22-jdk/lib/libjava.so
736db291f000-736db2920000 rw-p 00000000 00:00 0 
736db2920000-736db2921000 r--p 00000000 fe:00 35925626                   /usr/lib/librt.so.1
736db2921000-736db2922000 r-xp 00001000 fe:00 35925626                   /usr/lib/librt.so.1
736db2922000-736db2923000 r--p 00002000 fe:00 35925626                   /usr/lib/librt.so.1
736db2923000-736db2924000 r--p 00002000 fe:00 35925626                   /usr/lib/librt.so.1
736db2924000-736db2925000 rw-p 00003000 fe:00 35925626                   /usr/lib/librt.so.1
736db2925000-736db2927000 rw-p 00000000 00:00 0 
736db2927000-736db294b000 r--p 00000000 fe:00 35923393                   /usr/lib/libc.so.6
736db294b000-736db2ab7000 r-xp 00024000 fe:00 35923393                   /usr/lib/libc.so.6
736db2ab7000-736db2b05000 r--p 00190000 fe:00 35923393                   /usr/lib/libc.so.6
736db2b05000-736db2b09000 r--p 001dd000 fe:00 35923393                   /usr/lib/libc.so.6
736db2b09000-736db2b0b000 rw-p 001e1000 fe:00 35923393                   /usr/lib/libc.so.6
736db2b0b000-736db2b13000 rw-p 00000000 00:00 0 
736db2b13000-736db2b14000 r--p 00000000 fe:00 35923402                   /usr/lib/libdl.so.2
736db2b14000-736db2b15000 r-xp 00001000 fe:00 35923402                   /usr/lib/libdl.so.2
736db2b15000-736db2b16000 r--p 00002000 fe:00 35923402                   /usr/lib/libdl.so.2
736db2b16000-736db2b17000 r--p 00002000 fe:00 35923402                   /usr/lib/libdl.so.2
736db2b17000-736db2b18000 rw-p 00003000 fe:00 35923402                   /usr/lib/libdl.so.2
736db2b18000-736db2b19000 r--p 00000000 fe:00 35924198                   /usr/lib/libpthread.so.0
736db2b19000-736db2b1a000 r-xp 00001000 fe:00 35924198                   /usr/lib/libpthread.so.0
736db2b1a000-736db2b1b000 r--p 00002000 fe:00 35924198                   /usr/lib/libpthread.so.0
736db2b1b000-736db2b1c000 r--p 00002000 fe:00 35924198                   /usr/lib/libpthread.so.0
736db2b1c000-736db2b1d000 rw-p 00003000 fe:00 35924198                   /usr/lib/libpthread.so.0
736db2b1d000-736db2b2c000 r-xp 00000000 fe:00 37127475                   /usr/lib/jvm/java-22-jdk/lib/libjli.so
736db2b2c000-736db2b2d000 r--p 0000e000 fe:00 37127475                   /usr/lib/jvm/java-22-jdk/lib/libjli.so
736db2b2d000-736db2b2e000 rw-p 0000f000 fe:00 37127475                   /usr/lib/jvm/java-22-jdk/lib/libjli.so
736db2b2e000-736db2b31000 r--p 00000000 fe:00 35920129                   /usr/lib/libz.so.1.3.1
736db2b31000-736db2b3f000 r-xp 00003000 fe:00 35920129                   /usr/lib/libz.so.1.3.1
736db2b3f000-736db2b45000 r--p 00011000 fe:00 35920129                   /usr/lib/libz.so.1.3.1
736db2b45000-736db2b46000 r--p 00017000 fe:00 35920129                   /usr/lib/libz.so.1.3.1
736db2b46000-736db2b47000 rw-p 00018000 fe:00 35920129                   /usr/lib/libz.so.1.3.1
736db2b48000-736db2b4f000 r--s 00000000 fe:00 35934750                   /usr/lib/gconv/gconv-modules.cache
736db2b4f000-736db2b57000 rw-s 00000000 00:2d 17984                      /tmp/hsperfdata_gnome/552458
736db2b57000-736db2b58000 ---p 00000000 00:00 0 
736db2b58000-736db2b59000 r--p 00000000 00:00 0 
736db2b59000-736db2b5a000 ---p 00000000 00:00 0 
736db2b5a000-736db2b78000 r-xp 00000000 fe:00 37127474                   /usr/lib/jvm/java-22-jdk/lib/libjimage.so
736db2b78000-736db2b7a000 r--p 0001d000 fe:00 37127474                   /usr/lib/jvm/java-22-jdk/lib/libjimage.so
736db2b7a000-736db2b7b000 rw-p 0001f000 fe:00 37127474                   /usr/lib/jvm/java-22-jdk/lib/libjimage.so
736db2b7b000-736db2b7d000 rw-p 00000000 00:00 0 
736db2b7d000-736db2b81000 r--p 00000000 00:00 0                          [vvar]
736db2b81000-736db2b83000 r-xp 00000000 00:00 0                          [vdso]
736db2b83000-736db2b84000 r--p 00000000 fe:00 35922600                   /usr/lib/ld-linux-x86-64.so.2
736db2b84000-736db2bab000 r-xp 00001000 fe:00 35922600                   /usr/lib/ld-linux-x86-64.so.2
736db2bab000-736db2bb5000 r--p 00028000 fe:00 35922600                   /usr/lib/ld-linux-x86-64.so.2
736db2bb5000-736db2bb7000 r--p 00032000 fe:00 35922600                   /usr/lib/ld-linux-x86-64.so.2
736db2bb7000-736db2bb9000 rw-p 00034000 fe:00 35922600                   /usr/lib/ld-linux-x86-64.so.2
7ffc5d168000-7ffc5d18a000 rw-p 00000000 00:00 0                          [stack]
ffffffffff600000-ffffffffff601000 --xp 00000000 00:00 0                  [vsyscall]
Total number of mappings: 224


VM Arguments:
jvm_args: -Djava.library.path=target/release/ 
java_command: target/KotlinRust.jar /home/gnome/rencfs /home/gnome/rencfs_data a
java_class_path (initial): target/KotlinRust.jar
Launcher Type: SUN_STANDARD

[Global flags]
     intx CICompilerCount                          = 12                                        {product} {ergonomic}
     uint ConcGCThreads                            = 3                                         {product} {ergonomic}
     uint G1ConcRefinementThreads                  = 13                                        {product} {ergonomic}
   size_t G1HeapRegionSize                         = 4194304                                   {product} {ergonomic}
   size_t InitialHeapSize                          = 524288000                                 {product} {ergonomic}
   size_t MarkStackSize                            = 4194304                                   {product} {ergonomic}
   size_t MaxHeapSize                              = 8342470656                                {product} {ergonomic}
   size_t MaxNewSize                               = 5003804672                                {product} {ergonomic}
   size_t MinHeapDeltaBytes                        = 4194304                                   {product} {ergonomic}
   size_t MinHeapSize                              = 8388608                                   {product} {ergonomic}
    uintx NonNMethodCodeHeapSize                   = 7602480                                {pd product} {ergonomic}
    uintx NonProfiledCodeHeapSize                  = 122027880                              {pd product} {ergonomic}
    uintx ProfiledCodeHeapSize                     = 122027880                              {pd product} {ergonomic}
    uintx ReservedCodeCacheSize                    = 251658240                              {pd product} {ergonomic}
     bool SegmentedCodeCache                       = true                                      {product} {ergonomic}
   size_t SoftMaxHeapSize                          = 8342470656                             {manageable} {ergonomic}
     bool UseCompressedOops                        = true                           {product lp64_product} {ergonomic}
     bool UseG1GC                                  = true                                      {product} {ergonomic}

Logging:
Log output configuration:
 #0: stdout all=warning uptime,level,tags foldmultilines=false
 #1: stderr all=off uptime,level,tags foldmultilines=false

Environment Variables:
PATH=/usr/bin:/home/gnome/.sdkman/candidates/kotlin/current/bin:/home/gnome/google-cloud-sdk/bin:/home/gnome/dev/tools/osxcross/target/bin:/home/gnome/.nix-profile/bin:/nix/var/nix/profiles/default/bin:/home/gnome/.local/bin:/usr/local/bin:/usr/bin:/var/lib/snapd/snap/bin:/usr/local/sbin:/home/gnome/.local/share/flatpak/exports/bin:/var/lib/flatpak/exports/bin:/usr/lib/jvm/default/bin:/usr/bin/site_perl:/usr/bin/vendor_perl:/usr/bin/core_perl:/usr/lib/rustup/bin:/home/gnome/.antigen/bundles/zsh-users/zsh-autosuggestions:/home/gnome/.antigen/bundles/zsh-users/zsh-syntax-highlighting:/home/gnome/.local/share/gem/ruby/3.0.0/bin:/home/gnome/.cargo/bin
USERNAME=gnome
SHELL=/usr/bin/zsh
DISPLAY=:0
LANG=en_US.utf8
LC_NUMERIC=en_US.UTF-8
LC_TIME=en_US.UTF-8
TERM=xterm-256color

Active Locale:
LC_ALL=LC_CTYPE=en_US.utf8;LC_NUMERIC=en_US.UTF-8;LC_TIME=en_US.UTF-8;LC_COLLATE=en_US.utf8;LC_MONETARY=en_US.UTF-8;LC_MESSAGES=en_US.utf8;LC_PAPER=en_US.UTF-8;LC_NAME=en_US.UTF-8;LC_ADDRESS=en_US.UTF-8;LC_TELEPHONE=en_US.UTF-8;LC_MEASUREMENT=en_US.UTF-8;LC_IDENTIFICATION=en_US.UTF-8
LC_COLLATE=en_US.utf8
LC_CTYPE=en_US.utf8
LC_MESSAGES=en_US.utf8
LC_MONETARY=en_US.UTF-8
LC_NUMERIC=en_US.UTF-8
LC_TIME=en_US.UTF-8

Signal Handlers:
   SIGSEGV: 0x0000736db2346ee0 in libjvm.so+16019168, mask=11100100010111111101111111111110, flags=SA_RESTART|SA_SIGINFO, unblocked
    SIGBUS: 0x0000736db2346ee0 in libjvm.so+16019168, mask=11100100010111111101111111111110, flags=SA_RESTART|SA_SIGINFO, unblocked
    SIGFPE: 0x0000736db2346ee0 in libjvm.so+16019168, mask=11100100010111111101111111111110, flags=SA_RESTART|SA_SIGINFO, unblocked
   SIGPIPE: 0x0000736db21b5a80 in libjvm.so+14375552, mask=11100100010111111101111111111110, flags=SA_RESTART|SA_SIGINFO, blocked
   SIGXFSZ: 0x0000736db21b5a80 in libjvm.so+14375552, mask=11100100010111111101111111111110, flags=SA_RESTART|SA_SIGINFO, blocked
    SIGILL: 0x0000736db2346ee0 in libjvm.so+16019168, mask=11100100010111111101111111111110, flags=SA_RESTART|SA_SIGINFO, unblocked
   SIGUSR2: 0x0000736db21b7350 in libjvm.so+14381904, mask=00000000000000000000000000000000, flags=SA_RESTART|SA_SIGINFO, blocked
    SIGHUP: 0x0000736db21b4f70 in libjvm.so+14372720, mask=11100100010111111101111111111110, flags=SA_RESTART|SA_SIGINFO, blocked
    SIGINT: 0x0000736db21b4f70 in libjvm.so+14372720, mask=11100100010111111101111111111110, flags=SA_RESTART|SA_SIGINFO, blocked
   SIGTERM: 0x0000736db21b4f70 in libjvm.so+14372720, mask=11100100010111111101111111111110, flags=SA_RESTART|SA_SIGINFO, blocked
   SIGQUIT: 0x0000736db21b4f70 in libjvm.so+14372720, mask=11100100010111111101111111111110, flags=SA_RESTART|SA_SIGINFO, blocked
   SIGTRAP: 0x0000736db2346ee0 in libjvm.so+16019168, mask=11100100010111111101111111111110, flags=SA_RESTART|SA_SIGINFO, unblocked


Periodic native trim disabled

---------------  S Y S T E M  ---------------

OS:
DISTRIB_ID="ManjaroLinux"
DISTRIB_RELEASE="24.0.5"
DISTRIB_CODENAME="Wynsdey"
DISTRIB_DESCRIPTION="Manjaro Linux"
uname: Linux 6.10.0-3-MANJARO #1 SMP PREEMPT_DYNAMIC Mon Jul 22 03:31:44 UTC 2024 x86_64
OS uptime: 1 days 20:07 hours
libc: glibc 2.39 NPTL 2.39 
rlimit (soft/hard): STACK 8192k/infinity , CORE infinity/infinity , NPROC 127118/127118 , NOFILE 524288/524288 , AS infinity/infinity , CPU infinity/infinity , DATA infinity/infinity , FSIZE infinity/infinity , MEMLOCK 8192k/8192k
load average: 3.18 4.55 5.23

/proc/meminfo:
MemTotal:       32577060 kB
MemFree:         2046716 kB
MemAvailable:    9861736 kB
Buffers:          470756 kB
Cached:          6860148 kB
SwapCached:      1654008 kB
Active:         16672404 kB
Inactive:        7684876 kB
Active(anon):   14194008 kB
Inactive(anon):  4558896 kB
Active(file):    2478396 kB
Inactive(file):  3125980 kB
Unevictable:     1310080 kB
Mlocked:             412 kB
SwapTotal:      32767996 kB
SwapFree:       22535164 kB
Zswap:           1077288 kB
Zswapped:        5692904 kB
Dirty:             50012 kB
Writeback:            16 kB
AnonPages:      17558024 kB
Mapped:          1733604 kB
Shmem:           1726500 kB
KReclaimable:    2680520 kB
Slab:            3266252 kB
SReclaimable:    2680520 kB
SUnreclaim:       585732 kB
KernelStack:       52936 kB
PageTables:       166428 kB
SecPageTables:      2080 kB
NFS_Unstable:          0 kB
Bounce:                0 kB
WritebackTmp:          0 kB
CommitLimit:    49056524 kB
Committed_AS:   71524396 kB
VmallocTotal:   34359738367 kB
VmallocUsed:      139960 kB
VmallocChunk:          0 kB
Percpu:            16256 kB
HardwareCorrupted:     0 kB
AnonHugePages:   4032512 kB
ShmemHugePages:   376832 kB
ShmemPmdMapped:        0 kB
FileHugePages:    432128 kB
FilePmdMapped:    389120 kB
CmaTotal:              0 kB
CmaFree:               0 kB
Unaccepted:            0 kB
HugePages_Total:       0
HugePages_Free:        0
HugePages_Rsvd:        0
HugePages_Surp:        0
Hugepagesize:       2048 kB
Hugetlb:               0 kB
DirectMap4k:      733748 kB
DirectMap2M:    23093248 kB
DirectMap1G:    10485760 kB

/sys/kernel/mm/transparent_hugepage/enabled: [always] madvise never
/sys/kernel/mm/transparent_hugepage/hpage_pmd_size: 2097152
/sys/kernel/mm/transparent_hugepage/shmem_enabled: always within_size advise [never] deny force
/sys/kernel/mm/transparent_hugepage/defrag (defrag/compaction efforts parameter): always defer defer+madvise [madvise] never

Process Memory:
Virtual Size: 11255596K (peak: 11319324K)
Resident Set Size: 56160K (peak: 56160K) (anon: 30956K, file: 25204K, shmem: 0K)
Swapped out: 0K
C-Heap outstanding allocations: 38522K, retained: 2297K
glibc malloc tunables: (default)

/proc/sys/kernel/threads-max (system-wide limit on the number of threads): 254237
/proc/sys/vm/max_map_count (maximum number of memory map areas a process may have): 1048576
/proc/sys/kernel/pid_max (system-wide limit on number of process identifiers): 4194304

container (cgroup) information:
container_type: cgroupv2
cpu_cpuset_cpus: not supported
cpu_memory_nodes: not supported
active_processor_count: 16
cpu_quota: not supported
cpu_period: not supported
cpu_shares: not supported
memory_limit_in_bytes: unlimited
memory_and_swap_limit_in_bytes: unlimited
memory_soft_limit_in_bytes: unlimited
memory_usage_in_bytes: 9991564 k
memory_max_usage_in_bytes: not supported
memory_swap_current_in_bytes: 835572 k
memory_swap_max_limit_in_bytes: unlimited
maximum number of tasks: 38135
current number of tasks: 511

Steal ticks since vm start: 0
Steal ticks percentage since vm start:  0.000

CPU: total 16 (initial active 16) (8 cores per cpu, 2 threads per core) family 6 model 154 stepping 3 microcode 0x433, cx8, cmov, fxsr, ht, mmx, 3dnowpref, sse, sse2, sse3, ssse3, sse4.1, sse4.2, popcnt, lzcnt, tsc, tscinvbit, avx, avx2, aes, erms, clmul, bmi1, bmi2, adx, sha, fma, vzeroupper, clflush, clflushopt, clwb, serialize, rdtscp, rdpid, fsrm, f16c, pku, ospke, cet_ibt, cet_ss
CPU Model and flags from /proc/cpuinfo:
model name	: 12th Gen Intel(R) Core(TM) i7-1260P
flags		: fpu vme de pse tsc msr pae mce cx8 apic sep mtrr pge mca cmov pat pse36 clflush dts acpi mmx fxsr sse sse2 ss ht tm pbe syscall nx pdpe1gb rdtscp lm constant_tsc art arch_perfmon pebs bts rep_good nopl xtopology nonstop_tsc cpuid aperfmperf tsc_known_freq pni pclmulqdq dtes64 monitor ds_cpl vmx smx est tm2 ssse3 sdbg fma cx16 xtpr pdcm sse4_1 sse4_2 x2apic movbe popcnt tsc_deadline_timer aes xsave avx f16c rdrand lahf_lm abm 3dnowprefetch cpuid_fault epb cat_l2 cdp_l2 ssbd ibrs ibpb stibp ibrs_enhanced tpr_shadow flexpriority ept vpid ept_ad fsgsbase tsc_adjust bmi1 avx2 smep bmi2 erms invpcid rdt_a rdseed adx smap clflushopt clwb intel_pt sha_ni xsaveopt xsavec xgetbv1 xsaves split_lock_detect user_shstk avx_vnni dtherm ida arat pln pts hwp hwp_notify hwp_act_window hwp_epp hwp_pkg_req hfi vnmi umip pku ospke waitpkg gfni vaes vpclmulqdq rdpid movdiri movdir64b fsrm md_clear serialize arch_lbr flush_l1d arch_capabilities

Online cpus: 0-15
Offline cpus: 
BIOS frequency limitation: <Not Available>
Frequency switch latency (ns): 0
Available cpu frequencies: <Not Available>
Current governor: powersave
Core performance/turbo boost: <Not Available>

Memory: 4k page, physical 32577060k(9861736k free), swap 32767996k(22535164k free)
Page Sizes: 4k

vm_info: Java HotSpot(TM) 64-Bit Server VM (22.0.1+8-16) for linux-amd64 JRE (22.0.1+8-16), built on 2024-03-12T10:33:16Z by "mach5one" with gcc 13.2.0

END.
